c:\users\wdh34\desktop\오목 수정중\mfcapplication3\mfcapplication3\release\mfcapplication3.pch
c:\users\wdh34\desktop\오목 수정중\mfcapplication3\mfcapplication3\release\vc140.pdb
c:\users\wdh34\desktop\오목 수정중\mfcapplication3\mfcapplication3\release\stdafx.obj
c:\users\wdh34\desktop\오목 수정중\mfcapplication3\mfcapplication3\release\subdialog2.obj
c:\users\wdh34\desktop\오목 수정중\mfcapplication3\mfcapplication3\release\subdialog.obj
c:\users\wdh34\desktop\오목 수정중\mfcapplication3\mfcapplication3\release\mfcapplication3view.obj
c:\users\wdh34\desktop\오목 수정중\mfcapplication3\mfcapplication3\release\mfcapplication3doc.obj
c:\users\wdh34\desktop\오목 수정중\mfcapplication3\mfcapplication3\release\mfcapplication3.obj
c:\users\wdh34\desktop\오목 수정중\mfcapplication3\mfcapplication3\release\mainfrm.obj
c:\users\wdh34\desktop\오목 수정중\mfcapplication3\release\mfcapplication3.exe
c:\users\wdh34\desktop\오목 수정중\mfcapplication3\release\mfcapplication3.ipdb
c:\users\wdh34\desktop\오목 수정중\mfcapplication3\release\mfcapplication3.iobj
c:\users\wdh34\desktop\오목 수정중\mfcapplication3\release\mfcapplication3.pdb
c:\users\wdh34\desktop\오목 수정중\mfcapplication3\mfcapplication3\release\mfcapplication3.res
c:\users\wdh34\desktop\오목 수정중\mfcapplication3\mfcapplication3\release\mfcapplication3.tlog\cl.command.1.tlog
c:\users\wdh34\desktop\오목 수정중\mfcapplication3\mfcapplication3\release\mfcapplication3.tlog\cl.read.1.tlog
c:\users\wdh34\desktop\오목 수정중\mfcapplication3\mfcapplication3\release\mfcapplication3.tlog\cl.write.1.tlog
c:\users\wdh34\desktop\오목 수정중\mfcapplication3\mfcapplication3\release\mfcapplication3.tlog\link.command.1.tlog
c:\users\wdh34\desktop\오목 수정중\mfcapplication3\mfcapplication3\release\mfcapplication3.tlog\link.read.1.tlog
c:\users\wdh34\desktop\오목 수정중\mfcapplication3\mfcapplication3\release\mfcapplication3.tlog\link.write.1.tlog
c:\users\wdh34\desktop\오목 수정중\mfcapplication3\mfcapplication3\release\mfcapplication3.tlog\rc.command.1.tlog
c:\users\wdh34\desktop\오목 수정중\mfcapplication3\mfcapplication3\release\mfcapplication3.tlog\rc.read.1.tlog
c:\users\wdh34\desktop\오목 수정중\mfcapplication3\mfcapplication3\release\mfcapplication3.tlog\rc.write.1.tlog
