c:\users\wdh34\desktop\오목 수정중\mfcapplication3\mfcapplication3\debug\mfcapplication3.pch
c:\users\wdh34\desktop\오목 수정중\mfcapplication3\mfcapplication3\debug\vc140.pdb
c:\users\wdh34\desktop\오목 수정중\mfcapplication3\mfcapplication3\debug\vc140.idb
c:\users\wdh34\desktop\오목 수정중\mfcapplication3\mfcapplication3\debug\stdafx.obj
c:\users\wdh34\desktop\오목 수정중\mfcapplication3\mfcapplication3\debug\mainfrm.obj
c:\users\wdh34\desktop\오목 수정중\mfcapplication3\mfcapplication3\debug\mfcapplication3.obj
c:\users\wdh34\desktop\오목 수정중\mfcapplication3\mfcapplication3\debug\mfcapplication3doc.obj
c:\users\wdh34\desktop\오목 수정중\mfcapplication3\mfcapplication3\debug\mfcapplication3view.obj
c:\users\wdh34\desktop\오목 수정중\mfcapplication3\mfcapplication3\debug\subdialog.obj
c:\users\wdh34\desktop\오목 수정중\mfcapplication3\mfcapplication3\debug\subdialog2.obj
c:\users\wdh34\desktop\오목 수정중\mfcapplication3\mfcapplication3\debug\sound.obj
c:\users\wdh34\desktop\오목 수정중\mfcapplication3\mfcapplication3\debug\wave.obj
c:\users\wdh34\desktop\오목 수정중\mfcapplication3\debug\mfcapplication3.ilk
c:\users\wdh34\desktop\오목 수정중\mfcapplication3\debug\mfcapplication3.exe
c:\users\wdh34\desktop\오목 수정중\mfcapplication3\debug\mfcapplication3.pdb
c:\users\wdh34\desktop\오목 수정중\mfcapplication3\mfcapplication3\debug\mfcapplication3.res
c:\users\wdh34\desktop\오목 수정중\mfcapplication3\mfcapplication3\debug\mfcapplication3.tlog\cl.command.1.tlog
c:\users\wdh34\desktop\오목 수정중\mfcapplication3\mfcapplication3\debug\mfcapplication3.tlog\cl.read.1.tlog
c:\users\wdh34\desktop\오목 수정중\mfcapplication3\mfcapplication3\debug\mfcapplication3.tlog\cl.write.1.tlog
c:\users\wdh34\desktop\오목 수정중\mfcapplication3\mfcapplication3\debug\mfcapplication3.tlog\link.command.1.tlog
c:\users\wdh34\desktop\오목 수정중\mfcapplication3\mfcapplication3\debug\mfcapplication3.tlog\link.read.1.tlog
c:\users\wdh34\desktop\오목 수정중\mfcapplication3\mfcapplication3\debug\mfcapplication3.tlog\link.write.1.tlog
c:\users\wdh34\desktop\오목 수정중\mfcapplication3\mfcapplication3\debug\mfcapplication3.tlog\rc.command.1.tlog
c:\users\wdh34\desktop\오목 수정중\mfcapplication3\mfcapplication3\debug\mfcapplication3.tlog\rc.read.1.tlog
c:\users\wdh34\desktop\오목 수정중\mfcapplication3\mfcapplication3\debug\mfcapplication3.tlog\rc.write.1.tlog
